Started GET "/" for ::1 at 2020-05-19 15:13:26 +0200
  [1m[35m (6.7ms)[0m  [1m[34mSELECT sqlite_version(*)[0m
Processing by Rails::WelcomeController#index as HTML
  Rendering C:/Ruby26-x64/lib/ruby/gems/2.6.0/gems/railties-6.0.3.1/lib/rails/templates/rails/welcome/index.html.erb
  Rendered C:/Ruby26-x64/lib/ruby/gems/2.6.0/gems/railties-6.0.3.1/lib/rails/templates/rails/welcome/index.html.erb (Duration: 10.1ms | Allocations: 416)
Completed 200 OK in 54ms (Views: 31.5ms | ActiveRecord: 0.0ms | Allocations: 2414)


Started GET "/" for ::1 at 2020-05-19 15:13:53 +0200
  [1m[35m (0.1ms)[0m  [1m[34mSELECT sqlite_version(*)[0m
Processing by PagesController#index as HTML
  Rendering pages/index.html.erb within layouts/application
  Rendered pages/index.html.erb within layouts/application (Duration: 0.6ms | Allocations: 84)
[Webpacker] Compiling...
[Webpacker] Compiled all packs in T:/Universiteit/2020/Ruby on rails/devisemailer/public/packs
[Webpacker] Hash: 5368d31442fb29475f7d
Version: webpack 4.43.0
Time: 3417ms
Built at: 05/19/2020 3:14:02 PM
                                     Asset       Size       Chunks                         Chunk Names
    js/application-5b582ac1ba9bdaec5868.js    124 KiB  application  [emitted] [immutable]  application
js/application-5b582ac1ba9bdaec5868.js.map    139 KiB  application  [emitted] [dev]        application
                             manifest.json  364 bytes               [emitted]              
Entrypoint application = js/application-5b582ac1ba9bdaec5868.js js/application-5b582ac1ba9bdaec5868.js.map
[./app/javascript/channels sync recursive _channel\.js$] ./app/javascript/channels sync _channel\.js$ 160 bytes {application} [built]
[./app/javascript/channels/index.js] 211 bytes {application} [built]
[./app/javascript/packs/application.js] 800 bytes {application} [built]
[./node_modules/webpack/buildin/module.js] (webpack)/buildin/module.js 552 bytes {application} [built]
    + 3 hidden modules

Completed 200 OK in 9676ms (Views: 9673.0ms | ActiveRecord: 0.0ms | Allocations: 134788)


Started GET "/" for ::1 at 2020-05-19 15:14:06 +0200
Processing by PagesController#index as HTML
  Rendering pages/index.html.erb within layouts/application
  Rendered pages/index.html.erb within layouts/application (Duration: 0.0ms | Allocations: 5)
[Webpacker] Everything's up-to-date. Nothing to do
Completed 200 OK in 101ms (Views: 100.1ms | ActiveRecord: 0.0ms | Allocations: 19713)


Started GET "/" for ::1 at 2020-05-19 15:14:07 +0200
Processing by PagesController#index as HTML
  Rendering pages/index.html.erb within layouts/application
  Rendered pages/index.html.erb within layouts/application (Duration: 0.0ms | Allocations: 5)
[Webpacker] Everything's up-to-date. Nothing to do
Completed 200 OK in 81ms (Views: 80.0ms | ActiveRecord: 0.0ms | Allocations: 19606)


Started GET "/" for ::1 at 2020-05-19 15:14:08 +0200
Processing by PagesController#index as HTML
  Rendering pages/index.html.erb within layouts/application
  Rendered pages/index.html.erb within layouts/application (Duration: 0.0ms | Allocations: 4)
[Webpacker] Everything's up-to-date. Nothing to do
Completed 200 OK in 81ms (Views: 80.3ms | ActiveRecord: 0.0ms | Allocations: 19606)


Started GET "/" for ::1 at 2020-05-19 15:15:12 +0200
Processing by PagesController#index as HTML
  Rendering pages/index.html.erb within layouts/application
  Rendered pages/index.html.erb within layouts/application (Duration: 0.0ms | Allocations: 5)
[Webpacker] Everything's up-to-date. Nothing to do
Completed 200 OK in 89ms (Views: 88.6ms | ActiveRecord: 0.0ms | Allocations: 19599)


Started GET "/" for ::1 at 2020-05-19 15:15:14 +0200
Processing by PagesController#index as HTML
  Rendering pages/index.html.erb within layouts/application
  Rendered pages/index.html.erb within layouts/application (Duration: 0.0ms | Allocations: 4)
[Webpacker] Everything's up-to-date. Nothing to do
Completed 200 OK in 92ms (Views: 90.9ms | ActiveRecord: 0.0ms | Allocations: 19599)


Started GET "/" for ::1 at 2020-05-19 15:15:15 +0200
Processing by PagesController#index as HTML
  Rendering pages/index.html.erb within layouts/application
  Rendered pages/index.html.erb within layouts/application (Duration: 0.0ms | Allocations: 4)
[Webpacker] Everything's up-to-date. Nothing to do
Completed 200 OK in 80ms (Views: 79.7ms | ActiveRecord: 0.0ms | Allocations: 19612)


Started GET "/" for ::1 at 2020-05-19 15:17:02 +0200
Processing by PagesController#index as HTML
  Rendering pages/index.html.erb within layouts/application
  Rendered pages/index.html.erb within layouts/application (Duration: 1.3ms | Allocations: 85)
[Webpacker] Everything's up-to-date. Nothing to do
Completed 200 OK in 128ms (Views: 124.6ms | ActiveRecord: 0.0ms | Allocations: 20653)


Started GET "/" for ::1 at 2020-05-19 15:17:04 +0200
Processing by PagesController#index as HTML
  Rendering pages/index.html.erb within layouts/application
  Rendered pages/index.html.erb within layouts/application (Duration: 0.0ms | Allocations: 4)
[Webpacker] Everything's up-to-date. Nothing to do
Completed 200 OK in 81ms (Views: 80.4ms | ActiveRecord: 0.0ms | Allocations: 19606)


Started GET "/" for ::1 at 2020-05-19 15:17:48 +0200
Processing by PagesController#index as HTML
  Rendering pages/index.html.erb within layouts/application
  Rendered pages/index.html.erb within layouts/application (Duration: 0.6ms | Allocations: 80)
[Webpacker] Everything's up-to-date. Nothing to do
Completed 200 OK in 116ms (Views: 113.5ms | ActiveRecord: 0.0ms | Allocations: 20639)


Started GET "/" for ::1 at 2020-05-19 15:19:33 +0200
Processing by PagesController#index as HTML
  Rendering pages/index.html.erb within layouts/application
  Rendered pages/index.html.erb within layouts/application (Duration: 0.8ms | Allocations: 85)
[Webpacker] Everything's up-to-date. Nothing to do
  Rendered layouts/_nav.html.erb (Duration: 9.6ms | Allocations: 135)
Completed 200 OK in 125ms (Views: 121.7ms | ActiveRecord: 0.0ms | Allocations: 21065)


Started GET "/" for ::1 at 2020-05-19 15:21:14 +0200
Processing by PagesController#index as HTML
  Rendering pages/index.html.erb within layouts/application
  Rendered pages/index.html.erb within layouts/application (Duration: 0.7ms | Allocations: 80)
[Webpacker] Everything's up-to-date. Nothing to do
  Rendered layouts/_nav.html.erb (Duration: 2.1ms | Allocations: 117)
Completed 200 OK in 110ms (Views: 107.0ms | ActiveRecord: 0.0ms | Allocations: 20931)


Started GET "/" for ::1 at 2020-05-19 15:22:03 +0200
Processing by PagesController#index as HTML
  Rendering pages/index.html.erb within layouts/application
  Rendered pages/index.html.erb within layouts/application (Duration: 0.8ms | Allocations: 80)
[Webpacker] Everything's up-to-date. Nothing to do
  Rendered layouts/_nav.html.erb (Duration: 0.8ms | Allocations: 116)
Completed 200 OK in 139ms (Views: 135.7ms | ActiveRecord: 0.0ms | Allocations: 20941)


Started GET "/" for ::1 at 2020-05-19 15:22:28 +0200
Processing by PagesController#index as HTML
  Rendering pages/index.html.erb within layouts/application
  Rendered pages/index.html.erb within layouts/application (Duration: 0.6ms | Allocations: 80)
[Webpacker] Everything's up-to-date. Nothing to do
  Rendered layouts/_nav.html.erb (Duration: 0.6ms | Allocations: 124)
Completed 200 OK in 136ms (Views: 132.7ms | ActiveRecord: 0.0ms | Allocations: 21103)


Started GET "/" for ::1 at 2020-05-19 15:22:34 +0200
Processing by PagesController#index as HTML
  Rendering pages/index.html.erb within layouts/application
  Rendered pages/index.html.erb within layouts/application (Duration: 0.9ms | Allocations: 80)
[Webpacker] Everything's up-to-date. Nothing to do
  Rendered layouts/_nav.html.erb (Duration: 0.6ms | Allocations: 116)
Completed 200 OK in 122ms (Views: 119.7ms | ActiveRecord: 0.0ms | Allocations: 21016)


Started GET "/" for ::1 at 2020-05-19 15:22:35 +0200
Processing by PagesController#index as HTML
  Rendering pages/index.html.erb within layouts/application
  Rendered pages/index.html.erb within layouts/application (Duration: 0.0ms | Allocations: 4)
[Webpacker] Everything's up-to-date. Nothing to do
  Rendered layouts/_nav.html.erb (Duration: 0.0ms | Allocations: 6)
Completed 200 OK in 84ms (Views: 83.3ms | ActiveRecord: 0.0ms | Allocations: 19682)


Started GET "/" for ::1 at 2020-05-19 15:22:41 +0200
Processing by PagesController#index as HTML
  Rendering pages/index.html.erb within layouts/application
  Rendered pages/index.html.erb within layouts/application (Duration: 0.6ms | Allocations: 80)
[Webpacker] Everything's up-to-date. Nothing to do
  Rendered layouts/_nav.html.erb (Duration: 0.6ms | Allocations: 116)
Completed 200 OK in 131ms (Views: 128.1ms | ActiveRecord: 0.0ms | Allocations: 21025)


Started GET "/" for ::1 at 2020-05-19 15:22:49 +0200
Processing by PagesController#index as HTML
  Rendering pages/index.html.erb within layouts/application
  Rendered pages/index.html.erb within layouts/application (Duration: 0.6ms | Allocations: 80)
[Webpacker] Everything's up-to-date. Nothing to do
  Rendered layouts/_nav.html.erb (Duration: 0.6ms | Allocations: 121)
Completed 200 OK in 106ms (Views: 103.6ms | ActiveRecord: 0.0ms | Allocations: 21149)


Started GET "/" for ::1 at 2020-05-19 15:22:50 +0200
Processing by PagesController#index as HTML
  Rendering pages/index.html.erb within layouts/application
  Rendered pages/index.html.erb within layouts/application (Duration: 0.0ms | Allocations: 4)
[Webpacker] Everything's up-to-date. Nothing to do
  Rendered layouts/_nav.html.erb (Duration: 0.0ms | Allocations: 6)
Completed 200 OK in 82ms (Views: 81.4ms | ActiveRecord: 0.0ms | Allocations: 19687)


Started GET "/" for ::1 at 2020-05-19 15:23:02 +0200
Processing by PagesController#index as HTML
  Rendering pages/index.html.erb within layouts/application
  Rendered pages/index.html.erb within layouts/application (Duration: 0.7ms | Allocations: 80)
[Webpacker] Everything's up-to-date. Nothing to do
  Rendered layouts/_nav.html.erb (Duration: 0.6ms | Allocations: 116)
Completed 200 OK in 115ms (Views: 111.7ms | ActiveRecord: 0.0ms | Allocations: 20939)


Started GET "/" for ::1 at 2020-05-19 15:29:07 +0200
  [1m[35m (0.3ms)[0m  [1m[34mSELECT sqlite_version(*)[0m
Processing by PagesController#index as HTML
  Rendering pages/index.html.erb within layouts/application
  Rendered pages/index.html.erb within layouts/application (Duration: 1.1ms | Allocations: 80)
[Webpacker] Everything's up-to-date. Nothing to do
  Rendered layouts/_nav.html.erb (Duration: 0.6ms | Allocations: 116)
Completed 200 OK in 138ms (Views: 134.9ms | ActiveRecord: 0.0ms | Allocations: 20933)


Started GET "/" for ::1 at 2020-05-19 15:29:38 +0200
Processing by PagesController#index as HTML
  Rendering pages/index.html.erb within layouts/application
  Rendered pages/index.html.erb within layouts/application (Duration: 3.6ms | Allocations: 80)
[Webpacker] Everything's up-to-date. Nothing to do
  Rendered layouts/_nav.html.erb (Duration: 1.5ms | Allocations: 121)
  Rendered layouts/_foot.html.erb (Duration: 1.8ms | Allocations: 118)
Completed 200 OK in 230ms (Views: 226.4ms | ActiveRecord: 0.0ms | Allocations: 21402)


Started GET "/" for ::1 at 2020-05-19 15:35:21 +0200
Processing by PagesController#index as HTML
  Rendering pages/index.html.erb within layouts/application
  Rendered pages/index.html.erb within layouts/application (Duration: 0.9ms | Allocations: 80)
[Webpacker] Everything's up-to-date. Nothing to do
  Rendered layouts/_nav.html.erb (Duration: 0.7ms | Allocations: 116)
  Rendered layouts/_foot.html.erb (Duration: 0.6ms | Allocations: 112)
Completed 200 OK in 133ms (Views: 130.3ms | ActiveRecord: 0.0ms | Allocations: 21280)


Started GET "/" for ::1 at 2020-05-19 15:36:59 +0200
Processing by PagesController#index as HTML
  Rendering pages/index.html.erb within layouts/application
  Rendered pages/index.html.erb within layouts/application (Duration: 0.1ms | Allocations: 4)
[Webpacker] Everything's up-to-date. Nothing to do
  Rendered layouts/_nav.html.erb (Duration: 0.0ms | Allocations: 6)
  Rendered layouts/_foot.html.erb (Duration: 0.0ms | Allocations: 5)
Completed 200 OK in 88ms (Views: 87.5ms | ActiveRecord: 0.0ms | Allocations: 19764)


Started GET "/" for ::1 at 2020-05-19 15:38:03 +0200
Processing by PagesController#index as HTML
  Rendering pages/index.html.erb within layouts/application
  Rendered pages/index.html.erb within layouts/application (Duration: 0.0ms | Allocations: 4)
[Webpacker] Everything's up-to-date. Nothing to do
  Rendered layouts/_nav.html.erb (Duration: 0.0ms | Allocations: 6)
  Rendered layouts/_foot.html.erb (Duration: 0.0ms | Allocations: 5)
Completed 200 OK in 1691ms (Views: 1689.8ms | ActiveRecord: 0.0ms | Allocations: 92938)


Started GET "/" for ::1 at 2020-05-19 15:39:48 +0200
Processing by PagesController#index as HTML
  Rendering pages/index.html.erb within layouts/application
  Rendered pages/index.html.erb within layouts/application (Duration: 1.0ms | Allocations: 85)
[Webpacker] Everything's up-to-date. Nothing to do
  Rendered layouts/_nav.html.erb (Duration: 0.5ms | Allocations: 121)
  Rendered layouts/_foot.html.erb (Duration: 0.6ms | Allocations: 112)
Completed 200 OK in 914ms (Views: 911.2ms | ActiveRecord: 0.0ms | Allocations: 114117)


Started GET "/" for ::1 at 2020-05-19 15:46:02 +0200
Started GET "/" for 127.0.0.1 at 2020-05-19 15:46:02 +0200
  [1m[35m (14.0ms)[0m  [1m[34mSELECT sqlite_version(*)[0m
  [1m[35m (3.1ms)[0m  [1m[34mSELECT sqlite_version(*)[0m
Processing by PagesController#index as HTML
Processing by PagesController#index as HTML
  Rendering pages/index.html.erb within layouts/application
  Rendering pages/index.html.erb within layouts/application
  Rendered pages/index.html.erb within layouts/application (Duration: 13.5ms | Allocations: 375)
  Rendered pages/index.html.erb within layouts/application (Duration: 5.0ms | Allocations: 244)
Completed 500 Internal Server Error in 1030ms (ActiveRecord: 0.0ms | Allocations: 85957)


  
ActionView::Template::Error (Error: error in C function font-path: Permission denied @ rb_file_s_rename - (T:/Universiteit/2020/Ruby on rails/devisemailer/tmp/cache/assets/sprockets/v4.0.0/7f/7fOn6HMRWIpSAM-vK2SqJSpXcdSpI6Q43K-QZYDSQVE.cache.68962780.17528.500052, T:/Universiteit/2020/Ruby on rails/devisemailer/tmp/cache/assets/sprockets/v4.0.0/7f/7fOn6HMRWIpSAM-vK2SqJSpXcdSpI6Q43K-QZYDSQVE.cache)
        on line 2:11 of C:/Ruby26-x64/lib/ruby/gems/2.6.0/gems/bootstrap-sass-3.4.1/assets/stylesheets/_bootstrap-sprockets.scss, in function `font-path`
        from line 2:11 of C:/Ruby26-x64/lib/ruby/gems/2.6.0/gems/bootstrap-sass-3.4.1/assets/stylesheets/_bootstrap-sprockets.scss, in function `twbs-font-path`
        from line 18:47 of C:/Ruby26-x64/lib/ruby/gems/2.6.0/gems/bootstrap-sass-3.4.1/assets/stylesheets/bootstrap/_glyphicons.scss, in function `if`
        from line 18:14 of C:/Ruby26-x64/lib/ruby/gems/2.6.0/gems/bootstrap-sass-3.4.1/assets/stylesheets/bootstrap/_glyphicons.scss
        from line 14:9 of C:/Ruby26-x64/lib/ruby/gems/2.6.0/gems/bootstrap-sass-3.4.1/assets/stylesheets/_bootstrap.scss
        from line 2:9 of app/assets/stylesheets/application.css.scss
>>   @return font-path($path);

   ----------^
):
     6:     <%= csp_meta_tag %>
     7:         <script src="https://ajax.googleapis.com/ajax/libs/jquery/3.4.1/jquery.min.js"></script>
     8:         <script src="https://maxcdn.bootstrapcdn.com/bootstrap/3.4.1/js/bootstrap.min.js"></script>
     9:     <%= stylesheet_link_tag 'application', media: 'all', 'data-turbolinks-track': 'reload' %>
    10:     <%= stylesheet_link_tag 'footer', media: 'all', 'data-turbolinks-track': 'reload' %>
    11:     <%= javascript_pack_tag 'application', 'data-turbolinks-track': 'reload' %>
    12:   </head>
  
app/views/layouts/application.html.erb:9
[Webpacker] Everything's up-to-date. Nothing to do
  Rendered layouts/_nav.html.erb (Duration: 0.5ms | Allocations: 126)
  Rendered layouts/_foot.html.erb (Duration: 0.5ms | Allocations: 118)
Completed 200 OK in 4768ms (Views: 4732.4ms | ActiveRecord: 0.0ms | Allocations: 971271)


Started GET "/" for ::1 at 2020-05-19 15:51:34 +0200
  [1m[35m (0.1ms)[0m  [1m[34mSELECT sqlite_version(*)[0m
Processing by PagesController#index as HTML
  Rendering pages/index.html.erb within layouts/application
  Rendered pages/index.html.erb within layouts/application (Duration: 0.0ms | Allocations: 5)
[Webpacker] Everything's up-to-date. Nothing to do
  Rendered layouts/_nav.html.erb (Duration: 0.0ms | Allocations: 6)
  Rendered layouts/_foot.html.erb (Duration: 0.0ms | Allocations: 5)
Completed 200 OK in 128ms (Views: 126.8ms | ActiveRecord: 0.0ms | Allocations: 28733)


  [1m[35m (6.6ms)[0m  [1m[34mSELECT sqlite_version(*)[0m
  [1m[35m (100.1ms)[0m  [1m[35mCREATE TABLE "schema_migrations" ("version" varchar NOT NULL PRIMARY KEY)[0m
  [1m[35m (140.3ms)[0m  [1m[35mCREATE TABLE "ar_internal_metadata" ("key" varchar NOT NULL PRIMARY KEY, "value" varchar, "created_at" datetime(6) NOT NULL, "updated_at" datetime(6) NOT NULL)[0m
  [1m[35m (0.3ms)[0m  [1m[34mSELECT "schema_migrations"."version" FROM "schema_migrations" ORDER BY "schema_migrations"."version" ASC[0m
Migrating to DeviseCreateUsers (20200519135554)
  [1m[35m (0.1ms)[0m  [1m[36mbegin transaction[0m
  [1m[35m (1.1ms)[0m  [1m[35mCREATE TABLE "users" ("id" integer PRIMARY KEY AUTOINCREMENT NOT NULL, "username" varchar DEFAULT '' NOT NULL, "email" varchar DEFAULT '' NOT NULL, "encrypted_password" varchar DEFAULT '' NOT NULL, "reset_password_token" varchar, "reset_password_sent_at" datetime, "remember_created_at" datetime, "sign_in_count" integer DEFAULT 0 NOT NULL, "current_sign_in_at" datetime, "last_sign_in_at" datetime, "current_sign_in_ip" varchar, "last_sign_in_ip" varchar, "confirmation_token" varchar, "confirmed_at" datetime, "confirmation_sent_at" datetime, "unconfirmed_email" varchar, "created_at" datetime(6) NOT NULL, "updated_at" datetime(6) NOT NULL)[0m
  [1m[35m (0.2ms)[0m  [1m[35mCREATE UNIQUE INDEX "index_users_on_email" ON "users" ("email")[0m
  [1m[35m (0.2ms)[0m  [1m[35mCREATE UNIQUE INDEX "index_users_on_reset_password_token" ON "users" ("reset_password_token")[0m
  [1m[35m (0.2ms)[0m  [1m[35mCREATE UNIQUE INDEX "index_users_on_confirmation_token" ON "users" ("confirmation_token")[0m
  [1m[36mprimary::SchemaMigration Create (0.3ms)[0m  [1m[32mINSERT INTO "schema_migrations" ("version") VALUES (?)[0m  [["version", "20200519135554"]]
  [1m[35m (170.4ms)[0m  [1m[36mcommit transaction[0m
  [1m[36mActiveRecord::InternalMetadata Load (0.3ms)[0m  [1m[34mSELECT "ar_internal_metadata".* FROM "ar_internal_metadata" WHERE "ar_internal_metadata"."key" = ? LIMIT ?[0m  [["key", "environment"], ["LIMIT", 1]]
  [1m[35m (0.0ms)[0m  [1m[36mbegin transaction[0m
  [1m[36mActiveRecord::InternalMetadata Create (1.0ms)[0m  [1m[32mINSERT INTO "ar_internal_metadata" ("key", "value", "created_at", "updated_at") VALUES (?, ?, ?, ?)[0m  [["key", "environment"], ["value", "development"], ["created_at", "2020-05-19 14:00:47.085009"], ["updated_at", "2020-05-19 14:00:47.085009"]]
  [1m[35m (137.7ms)[0m  [1m[36mcommit transaction[0m
  [1m[35m (0.1ms)[0m  [1m[34mSELECT sqlite_version(*)[0m
  [1m[35m (0.2ms)[0m  [1m[34mSELECT "schema_migrations"."version" FROM "schema_migrations" ORDER BY "schema_migrations"."version" ASC[0m
Started GET "/" for ::1 at 2020-05-19 16:15:14 +0200
  [1m[35m (6.7ms)[0m  [1m[34mSELECT sqlite_version(*)[0m
  [1m[35m (0.3ms)[0m  [1m[34mSELECT "schema_migrations"."version" FROM "schema_migrations" ORDER BY "schema_migrations"."version" ASC[0m
Processing by PagesController#index as HTML
  Rendering pages/index.html.erb within layouts/application
  Rendered pages/index.html.erb within layouts/application (Duration: 21.6ms | Allocations: 309)
[Webpacker] Everything's up-to-date. Nothing to do
  Rendered layouts/_nav.html.erb (Duration: 0.5ms | Allocations: 119)
  Rendered layouts/_foot.html.erb (Duration: 0.7ms | Allocations: 118)
Completed 200 OK in 376ms (Views: 356.6ms | ActiveRecord: 0.0ms | Allocations: 87201)


Started GET "/" for ::1 at 2020-05-19 16:18:49 +0200
  [1m[35m (6.8ms)[0m  [1m[34mSELECT sqlite_version(*)[0m
  [1m[35m (0.3ms)[0m  [1m[34mSELECT "schema_migrations"."version" FROM "schema_migrations" ORDER BY "schema_migrations"."version" ASC[0m
Processing by PagesController#index as HTML
  Rendering pages/index.html.erb within layouts/application
  Rendered pages/index.html.erb within layouts/application (Duration: 5.0ms | Allocations: 309)
[Webpacker] Everything's up-to-date. Nothing to do
  Rendered layouts/_nav.html.erb (Duration: 0.5ms | Allocations: 124)
  Rendered layouts/_foot.html.erb (Duration: 0.6ms | Allocations: 118)
Completed 200 OK in 391ms (Views: 371.2ms | ActiveRecord: 0.0ms | Allocations: 87218)


Started GET "/users/sign_up" for ::1 at 2020-05-19 16:19:24 +0200
Processing by Devise::RegistrationsController#new as HTML
  Rendering devise/registrations/new.html.erb within layouts/application
  Rendered devise/shared/_links.html.erb (Duration: 1.4ms | Allocations: 536)
  Rendered devise/registrations/new.html.erb within layouts/application (Duration: 396.3ms | Allocations: 22724)
[Webpacker] Everything's up-to-date. Nothing to do
  Rendered layouts/_nav.html.erb (Duration: 0.0ms | Allocations: 5)
  Rendered layouts/_foot.html.erb (Duration: 0.0ms | Allocations: 5)
Completed 200 OK in 572ms (Views: 526.5ms | ActiveRecord: 2.7ms | Allocations: 65584)


Started POST "/users" for ::1 at 2020-05-19 16:20:00 +0200
Processing by Devise::RegistrationsController#create as HTML
  Parameters: {"authenticity_token"=>"J6KI8lyGSaG8nCkCD6Mu9lVRKHMV+qeqprXKLKY5F59ofh3vjlJXlVLEskLsemA9WXafnKkZ9obF6esaUWeVAg==", "user"=>{"email"=>"stefan@edutoit.net", "password"=>"[FILTERED]", "password_confirmation"=>"[FILTERED]"}, "commit"=>"Sign up"}
  [1m[35m (0.1ms)[0m  [1m[36mbegin transaction[0m
  [1m[36mUser Exists? (0.3ms)[0m  [1m[34mSELECT 1 AS one FROM "users" WHERE "users"."email" = ? LIMIT ?[0m  [["email", "stefan@edutoit.net"], ["LIMIT", 1]]
  [1m[36mUser Create (1.6ms)[0m  [1m[32mINSERT INTO "users" ("email", "encrypted_password", "created_at", "updated_at") VALUES (?, ?, ?, ?)[0m  [["email", "stefan@edutoit.net"], ["encrypted_password", "$2a$11$nflo97KxEJO.V3on3IK9h.TxR2DYpl1AhXzO2E4qze4azkS.TEfO6"], ["created_at", "2020-05-19 14:20:00.729448"], ["updated_at", "2020-05-19 14:20:00.729448"]]
  [1m[35m (135.5ms)[0m  [1m[36mcommit transaction[0m
Redirected to http://localhost:3000/
Completed 302 Found in 421ms (ActiveRecord: 137.4ms | Allocations: 11424)


Started GET "/" for ::1 at 2020-05-19 16:20:00 +0200
Processing by PagesController#index as HTML
  Rendering pages/index.html.erb within layouts/application
  Rendered pages/index.html.erb within layouts/application (Duration: 0.0ms | Allocations: 5)
[Webpacker] Everything's up-to-date. Nothing to do
  Rendered layouts/_nav.html.erb (Duration: 0.0ms | Allocations: 6)
  Rendered layouts/_foot.html.erb (Duration: 0.0ms | Allocations: 5)
Completed 200 OK in 138ms (Views: 136.9ms | ActiveRecord: 0.0ms | Allocations: 28723)


  [1m[35m (6.7ms)[0m  [1m[34mSELECT sqlite_version(*)[0m
  [1m[36mUser Load (0.2ms)[0m  [1m[34mSELECT "users".* FROM "users" ORDER BY "users"."id" DESC LIMIT ?[0m  [["LIMIT", 1]]
DEPRECATION WARNING: Using `bin/rake routes` is deprecated and will be removed in Rails 6.1. Use `bin/rails routes` instead.
 (called from load at C:/Ruby26-x64/bin/rake:23)
Started GET "/users/sign_up" for ::1 at 2020-05-19 16:31:05 +0200
  [1m[35m (0.1ms)[0m  [1m[34mSELECT sqlite_version(*)[0m
Processing by Devise::RegistrationsController#new as HTML
  [1m[36mUser Load (0.6ms)[0m  [1m[34mSELECT "users".* FROM "users" WHERE "users"."id" = ? ORDER BY "users"."id" ASC LIMIT ?[0m  [["id", 1], ["LIMIT", 1]]
Redirected to http://localhost:3000/
Filter chain halted as :require_no_authentication rendered or redirected
Completed 302 Found in 9ms (ActiveRecord: 0.6ms | Allocations: 2034)


Started GET "/" for ::1 at 2020-05-19 16:31:05 +0200
Processing by PagesController#index as HTML
  Rendering pages/index.html.erb within layouts/application
  Rendered pages/index.html.erb within layouts/application (Duration: 0.7ms | Allocations: 86)
[Webpacker] Everything's up-to-date. Nothing to do
  Rendered layouts/_nav.html.erb (Duration: 706.3ms | Allocations: 212809)
Completed 500 Internal Server Error in 825ms (ActiveRecord: 0.0ms | Allocations: 242839)


  
ActionView::Template::Error (undefined local variable or method `new_user_registration' for #<#<Class:0x000000000a5ddf18>:0x000000000a5eeac0>
Did you mean?  new_user_registration_url
               new_user_registration_path):
    20:           </ul>
    21:           
    22:           <ul class="nav navbar-nav navbar-right">
    23:             <li><%= link_to "Sign Up",  new_user_registration %></li>
    24:             <li class="dropdown">
    25:               <a href="#" class="dropdown-toggle" data-toggle="dropdown" role="button" aria-haspopup="true" aria-expanded="false">Dropdown <span class="caret"></span></a>
    26:               <ul class="dropdown-menu">
  
app/views/layouts/_nav.html.erb:23
app/views/layouts/application.html.erb:15
Started GET "/" for ::1 at 2020-05-19 16:31:47 +0200
  [1m[35m (9.0ms)[0m  [1m[34mSELECT sqlite_version(*)[0m
  [1m[35m (0.3ms)[0m  [1m[34mSELECT "schema_migrations"."version" FROM "schema_migrations" ORDER BY "schema_migrations"."version" ASC[0m
Processing by PagesController#index as HTML
  Rendering pages/index.html.erb within layouts/application
  Rendered pages/index.html.erb within layouts/application (Duration: 4.8ms | Allocations: 309)
[Webpacker] Everything's up-to-date. Nothing to do
  Rendered layouts/_nav.html.erb (Duration: 1.9ms | Allocations: 198)
  Rendered layouts/_foot.html.erb (Duration: 0.8ms | Allocations: 118)
Completed 200 OK in 439ms (Views: 411.0ms | ActiveRecord: 0.0ms | Allocations: 87314)


Started GET "/users/sign_up" for ::1 at 2020-05-19 16:31:56 +0200
Processing by Devise::RegistrationsController#new as HTML
  [1m[36mUser Load (0.4ms)[0m  [1m[34mSELECT "users".* FROM "users" WHERE "users"."id" = ? ORDER BY "users"."id" ASC LIMIT ?[0m  [["id", 1], ["LIMIT", 1]]
Redirected to http://localhost:3000/
Filter chain halted as :require_no_authentication rendered or redirected
Completed 302 Found in 89ms (ActiveRecord: 1.4ms | Allocations: 20212)


Started GET "/" for ::1 at 2020-05-19 16:31:57 +0200
Processing by PagesController#index as HTML
  Rendering pages/index.html.erb within layouts/application
  Rendered pages/index.html.erb within layouts/application (Duration: 0.1ms | Allocations: 5)
[Webpacker] Everything's up-to-date. Nothing to do
  Rendered layouts/_nav.html.erb (Duration: 0.2ms | Allocations: 42)
  Rendered layouts/_foot.html.erb (Duration: 0.0ms | Allocations: 5)
Completed 200 OK in 152ms (Views: 150.9ms | ActiveRecord: 0.0ms | Allocations: 28804)


Started GET "/users/sign_up" for ::1 at 2020-05-19 16:32:06 +0200
Processing by Devise::RegistrationsController#new as HTML
  [1m[36mUser Load (0.5ms)[0m  [1m[34mSELECT "users".* FROM "users" WHERE "users"."id" = ? ORDER BY "users"."id" ASC LIMIT ?[0m  [["id", 1], ["LIMIT", 1]]
Redirected to http://localhost:3000/
Filter chain halted as :require_no_authentication rendered or redirected
Completed 302 Found in 28ms (ActiveRecord: 0.5ms | Allocations: 1912)


Started GET "/" for ::1 at 2020-05-19 16:32:06 +0200
Processing by PagesController#index as HTML
  Rendering pages/index.html.erb within layouts/application
  Rendered pages/index.html.erb within layouts/application (Duration: 0.0ms | Allocations: 5)
[Webpacker] Everything's up-to-date. Nothing to do
  Rendered layouts/_nav.html.erb (Duration: 0.2ms | Allocations: 37)
  Rendered layouts/_foot.html.erb (Duration: 0.0ms | Allocations: 5)
Completed 200 OK in 165ms (Views: 164.6ms | ActiveRecord: 0.0ms | Allocations: 28769)


Started GET "/" for ::1 at 2020-05-19 16:33:51 +0200
Processing by PagesController#index as HTML
  Rendering pages/index.html.erb within layouts/application
  Rendered pages/index.html.erb within layouts/application (Duration: 0.7ms | Allocations: 86)
[Webpacker] Everything's up-to-date. Nothing to do
  Rendered layouts/_nav.html.erb (Duration: 1.9ms | Allocations: 271)
  Rendered layouts/_foot.html.erb (Duration: 0.8ms | Allocations: 112)
Completed 200 OK in 148ms (Views: 145.0ms | ActiveRecord: 0.0ms | Allocations: 30660)


Started DELETE "/users/sign_out" for ::1 at 2020-05-19 16:33:56 +0200
Processing by Devise::SessionsController#destroy as HTML
  Parameters: {"authenticity_token"=>"8vMQ8TD0VyYBd5LcuWF2kDHXRbkDB764LU9tF6j7iFu9L4Xs4iBJEu8vCZxauDhbPfDyVr/k75ROE0whX6UKxg=="}
  [1m[36mUser Load (0.2ms)[0m  [1m[34mSELECT "users".* FROM "users" WHERE "users"."id" = ? ORDER BY "users"."id" ASC LIMIT ?[0m  [["id", 1], ["LIMIT", 1]]
Redirected to http://localhost:3000/
Completed 302 Found in 36ms (ActiveRecord: 0.2ms | Allocations: 3057)


Started GET "/" for ::1 at 2020-05-19 16:33:56 +0200
Processing by PagesController#index as HTML
  Rendering pages/index.html.erb within layouts/application
  Rendered pages/index.html.erb within layouts/application (Duration: 0.1ms | Allocations: 5)
[Webpacker] Everything's up-to-date. Nothing to do
  Rendered layouts/_nav.html.erb (Duration: 0.3ms | Allocations: 101)
  Rendered layouts/_foot.html.erb (Duration: 0.0ms | Allocations: 5)
Completed 200 OK in 117ms (Views: 116.7ms | ActiveRecord: 0.0ms | Allocations: 28794)


Started GET "/" for ::1 at 2020-05-19 16:35:09 +0200
Processing by PagesController#index as HTML
  Rendering pages/index.html.erb within layouts/application
  Rendered pages/index.html.erb within layouts/application (Duration: 0.7ms | Allocations: 85)
[Webpacker] Everything's up-to-date. Nothing to do
  Rendered layouts/_nav.html.erb (Duration: 6.0ms | Allocations: 255)
  Rendered layouts/_foot.html.erb (Duration: 0.9ms | Allocations: 112)
Completed 200 OK in 234ms (Views: 230.9ms | ActiveRecord: 0.0ms | Allocations: 30608)


Started GET "/users/sign_up" for ::1 at 2020-05-19 16:35:16 +0200
Processing by Devise::RegistrationsController#new as HTML
  Rendering devise/registrations/new.html.erb within layouts/application
  Rendered devise/shared/_links.html.erb (Duration: 1.7ms | Allocations: 532)
  Rendered devise/registrations/new.html.erb within layouts/application (Duration: 235.5ms | Allocations: 18018)
[Webpacker] Everything's up-to-date. Nothing to do
  Rendered layouts/_nav.html.erb (Duration: 0.5ms | Allocations: 90)
  Rendered layouts/_foot.html.erb (Duration: 0.0ms | Allocations: 5)
Completed 200 OK in 370ms (Views: 365.7ms | ActiveRecord: 0.0ms | Allocations: 48188)


Started GET "/users/sign_up" for ::1 at 2020-05-19 16:37:42 +0200
Processing by Devise::RegistrationsController#new as HTML
  Rendering devise/registrations/new.html.erb within layouts/application
  Rendered devise/shared/_links.html.erb (Duration: 1.2ms | Allocations: 468)
  Rendered devise/registrations/new.html.erb within layouts/application (Duration: 27.7ms | Allocations: 6696)
[Webpacker] Everything's up-to-date. Nothing to do
  Rendered layouts/_nav.html.erb (Duration: 0.9ms | Allocations: 249)
  Rendered layouts/_foot.html.erb (Duration: 0.7ms | Allocations: 112)
Completed 200 OK in 182ms (Views: 181.1ms | ActiveRecord: 0.0ms | Allocations: 37889)


Started GET "/users/sign_in" for ::1 at 2020-05-19 16:37:53 +0200
Processing by Devise::SessionsController#new as HTML
  Rendering devise/sessions/new.html.erb within layouts/application
  Rendered devise/shared/_links.html.erb (Duration: 0.5ms | Allocations: 214)
  Rendered devise/sessions/new.html.erb within layouts/application (Duration: 44.2ms | Allocations: 8523)
[Webpacker] Everything's up-to-date. Nothing to do
  Rendered layouts/_nav.html.erb (Duration: 0.2ms | Allocations: 90)
  Rendered layouts/_foot.html.erb (Duration: 0.0ms | Allocations: 5)
Completed 200 OK in 180ms (Views: 176.1ms | ActiveRecord: 0.0ms | Allocations: 38574)


Started POST "/users/sign_in" for ::1 at 2020-05-19 16:38:00 +0200
Processing by Devise::SessionsController#create as HTML
  Parameters: {"authenticity_token"=>"ljzemhnpL5LYZq6rF/NS0vP/p4yG11C6EW/uroDn3+gdz62wy5FLi9CUCJeGCkgA6inZfXes8QhuDpg4W/ebHQ==", "user"=>{"email"=>"stefan@edutoit.net", "password"=>"[FILTERED]", "remember_me"=>"1"}, "commit"=>"Log in"}
  [1m[36mUser Load (0.4ms)[0m  [1m[34mSELECT "users".* FROM "users" WHERE "users"."email" = ? ORDER BY "users"."id" ASC LIMIT ?[0m  [["email", "stefan@edutoit.net"], ["LIMIT", 1]]
  [1m[35m (0.1ms)[0m  [1m[36mbegin transaction[0m
  [1m[36mUser Update (1.2ms)[0m  [1m[33mUPDATE "users" SET "remember_created_at" = ?, "updated_at" = ? WHERE "users"."id" = ?[0m  [["remember_created_at", "2020-05-19 14:38:00.534335"], ["updated_at", "2020-05-19 14:38:00.534659"], ["id", 1]]
  [1m[35m (133.0ms)[0m  [1m[36mcommit transaction[0m
Redirected to http://localhost:3000/
Completed 302 Found in 389ms (ActiveRecord: 134.7ms | Allocations: 10502)


Started GET "/" for ::1 at 2020-05-19 16:38:00 +0200
Processing by PagesController#index as HTML
  Rendering pages/index.html.erb within layouts/application
  Rendered pages/index.html.erb within layouts/application (Duration: 0.8ms | Allocations: 80)
[Webpacker] Everything's up-to-date. Nothing to do
  Rendered layouts/_nav.html.erb (Duration: 0.3ms | Allocations: 101)
  Rendered layouts/_foot.html.erb (Duration: 0.0ms | Allocations: 5)
Completed 200 OK in 137ms (Views: 134.6ms | ActiveRecord: 0.0ms | Allocations: 29767)


Started DELETE "/users/sign_out" for ::1 at 2020-05-19 16:38:06 +0200
Processing by Devise::SessionsController#destroy as HTML
  Parameters: {"authenticity_token"=>"qhohIm1lhpo5uZpwDmUWhxBKO5CBr7oI0CElonpEcoHLB8i0P1KEPBNwD4LNgbORkN+bcYhg5qfa48PwmGQGaA=="}
  [1m[36mUser Load (0.2ms)[0m  [1m[34mSELECT "users".* FROM "users" WHERE "users"."id" = ? ORDER BY "users"."id" ASC LIMIT ?[0m  [["id", 1], ["LIMIT", 1]]
  [1m[35m (0.1ms)[0m  [1m[36mbegin transaction[0m
  [1m[36mUser Update (1.1ms)[0m  [1m[33mUPDATE "users" SET "remember_created_at" = ?, "updated_at" = ? WHERE "users"."id" = ?[0m  [["remember_created_at", nil], ["updated_at", "2020-05-19 14:38:06.320018"], ["id", 1]]
  [1m[35m (134.4ms)[0m  [1m[36mcommit transaction[0m
Redirected to http://localhost:3000/
Completed 302 Found in 172ms (ActiveRecord: 135.7ms | Allocations: 6513)


Started GET "/" for ::1 at 2020-05-19 16:38:06 +0200
Processing by PagesController#index as HTML
  Rendering pages/index.html.erb within layouts/application
  Rendered pages/index.html.erb within layouts/application (Duration: 0.0ms | Allocations: 4)
[Webpacker] Everything's up-to-date. Nothing to do
  Rendered layouts/_nav.html.erb (Duration: 0.2ms | Allocations: 94)
  Rendered layouts/_foot.html.erb (Duration: 0.0ms | Allocations: 5)
Completed 200 OK in 128ms (Views: 127.1ms | ActiveRecord: 0.0ms | Allocations: 28866)


Started GET "/users/sign_up" for ::1 at 2020-05-19 16:38:18 +0200
Processing by Devise::RegistrationsController#new as HTML
  Rendering devise/registrations/new.html.erb within layouts/application
  Rendered devise/shared/_links.html.erb (Duration: 0.2ms | Allocations: 80)
  Rendered devise/registrations/new.html.erb within layouts/application (Duration: 20.0ms | Allocations: 5952)
[Webpacker] Everything's up-to-date. Nothing to do
  Rendered layouts/_nav.html.erb (Duration: 0.2ms | Allocations: 90)
  Rendered layouts/_foot.html.erb (Duration: 0.0ms | Allocations: 5)
Completed 200 OK in 143ms (Views: 142.4ms | ActiveRecord: 0.0ms | Allocations: 34845)


Started POST "/users" for ::1 at 2020-05-19 16:38:43 +0200
Processing by Devise::RegistrationsController#create as HTML
  Parameters: {"authenticity_token"=>"Jls6Y0jnktQffKwqkh2+5BV6XbXkOtT020IuupdsMF9m4dKuM/lt5k22uDy1A85lNhTM3yU2h0bZ54QvcruJng==", "user"=>{"email"=>"stefandutoit.net", "password"=>"[FILTERED]", "password_confirmation"=>"[FILTERED]"}, "commit"=>"Sign up"}
  [1m[35m (0.1ms)[0m  [1m[36mbegin transaction[0m
  [1m[36mUser Exists? (0.3ms)[0m  [1m[34mSELECT 1 AS one FROM "users" WHERE "users"."email" = ? LIMIT ?[0m  [["email", "stefandutoit.net"], ["LIMIT", 1]]
  [1m[35m (0.1ms)[0m  [1m[31mrollback transaction[0m
  Rendering devise/registrations/new.html.erb within layouts/application
  Rendered devise/shared/_links.html.erb (Duration: 0.2ms | Allocations: 79)
  Rendered devise/registrations/new.html.erb within layouts/application (Duration: 19.0ms | Allocations: 6465)
[Webpacker] Everything's up-to-date. Nothing to do
  Rendered layouts/_nav.html.erb (Duration: 0.2ms | Allocations: 84)
  Rendered layouts/_foot.html.erb (Duration: 0.0ms | Allocations: 5)
Completed 200 OK in 303ms (Views: 129.8ms | ActiveRecord: 0.4ms | Allocations: 42715)


Started POST "/users" for ::1 at 2020-05-19 16:39:08 +0200
Processing by Devise::RegistrationsController#create as HTML
  Parameters: {"authenticity_token"=>"1qYdeUFST8ia1olVBc4hEfQyrZBc+RsN8zhwe3KZ/SX0hEtGkUnXT84r7XNMorcX12v+gaKQvIq4LwwFkLLXTw==", "user"=>{"email"=>"stefan@dutoit.net", "password"=>"[FILTERED]", "password_confirmation"=>"[FILTERED]"}, "commit"=>"Sign up"}
  [1m[35m (0.1ms)[0m  [1m[36mbegin transaction[0m
  [1m[36mUser Exists? (0.2ms)[0m  [1m[34mSELECT 1 AS one FROM "users" WHERE "users"."email" = ? LIMIT ?[0m  [["email", "stefan@dutoit.net"], ["LIMIT", 1]]
  [1m[35m (0.1ms)[0m  [1m[31mrollback transaction[0m
  Rendering devise/registrations/new.html.erb within layouts/application
  Rendered devise/shared/_links.html.erb (Duration: 0.1ms | Allocations: 79)
  Rendered devise/registrations/new.html.erb within layouts/application (Duration: 14.5ms | Allocations: 6113)
[Webpacker] Everything's up-to-date. Nothing to do
  Rendered layouts/_nav.html.erb (Duration: 0.3ms | Allocations: 84)
  Rendered layouts/_foot.html.erb (Duration: 0.0ms | Allocations: 5)
Completed 200 OK in 301ms (Views: 130.0ms | ActiveRecord: 0.4ms | Allocations: 40888)


Started GET "/users/sign_in" for ::1 at 2020-05-19 16:39:37 +0200
Processing by Devise::SessionsController#new as HTML
  Rendering devise/sessions/new.html.erb within layouts/application
  Rendered devise/shared/_links.html.erb (Duration: 0.3ms | Allocations: 134)
  Rendered devise/sessions/new.html.erb within layouts/application (Duration: 18.3ms | Allocations: 7782)
[Webpacker] Everything's up-to-date. Nothing to do
  Rendered layouts/_nav.html.erb (Duration: 0.2ms | Allocations: 90)
  Rendered layouts/_foot.html.erb (Duration: 0.0ms | Allocations: 5)
Completed 200 OK in 131ms (Views: 129.6ms | ActiveRecord: 0.0ms | Allocations: 36729)


Started GET "/users/sign_in" for ::1 at 2020-05-19 16:48:34 +0200
  [1m[35m (7.0ms)[0m  [1m[34mSELECT sqlite_version(*)[0m
  [1m[35m (0.3ms)[0m  [1m[34mSELECT "schema_migrations"."version" FROM "schema_migrations" ORDER BY "schema_migrations"."version" ASC[0m
Processing by Devise::SessionsController#new as HTML
  Rendering devise/sessions/new.html.erb within layouts/application
  Rendered devise/shared/_links.html.erb (Duration: 1.5ms | Allocations: 627)
  Rendered devise/sessions/new.html.erb within layouts/application (Duration: 292.2ms | Allocations: 24753)
[Webpacker] Everything's up-to-date. Nothing to do
  Rendered layouts/_nav.html.erb (Duration: 1.0ms | Allocations: 262)
  Rendered layouts/_foot.html.erb (Duration: 0.6ms | Allocations: 118)
Completed 200 OK in 713ms (Views: 676.8ms | ActiveRecord: 1.0ms | Allocations: 125601)


